Using standard scikit-learn implementation
using conda environment sklearn-env
Creating output directory for timings
Starting timing of sklearn KMeans implementation for up to 24
Starting timing for 1 OMP_NUM_THREADS
meson-python: building scikit-learn: /home/kurs_2024_sose_hpc/kurs_2024_sose_hpc_11/.conda/envs/sklearn-env/bin/ninja
[1/69] Linking target sklearn/__check_build/_check_build.cpython-313-x86_64-linux-gnu.so
[2/69] Linking target sklearn/utils/_sorting.cpython-313-x86_64-linux-gnu.so
[3/69] Linking target sklearn/utils/_heap.cpython-313-x86_64-linux-gnu.so
[4/69] Linking target sklearn/_isotonic.cpython-313-x86_64-linux-gnu.so
[5/69] Linking target sklearn/utils/_random.cpython-313-x86_64-linux-gnu.so
[6/69] Linking target sklearn/utils/_typedefs.cpython-313-x86_64-linux-gnu.so
[7/69] Linking target sklearn/utils/_seq_dataset.cpython-313-x86_64-linux-gnu.so
[8/69] Linking target sklearn/utils/sparsefuncs_fast.cpython-313-x86_64-linux-gnu.so
[9/69] Linking target sklearn/utils/_cython_blas.cpython-313-x86_64-linux-gnu.so
[10/69] Linking target sklearn/utils/arrayfuncs.cpython-313-x86_64-linux-gnu.so
[11/69] Linking target sklearn/utils/murmurhash.cpython-313-x86_64-linux-gnu.so
[12/69] Linking target sklearn/utils/_fast_dict.cpython-313-x86_64-linux-gnu.so
[13/69] Linking target sklearn/utils/_openmp_helpers.cpython-313-x86_64-linux-gnu.so
[14/69] Linking target sklearn/utils/_vector_sentinel.cpython-313-x86_64-linux-gnu.so
[15/69] Linking target sklearn/utils/_isfinite.cpython-313-x86_64-linux-gnu.so
[16/69] Linking target sklearn/utils/_weight_vector.cpython-313-x86_64-linux-gnu.so
[17/69] Linking target sklearn/metrics/_dist_metrics.cpython-313-x86_64-linux-gnu.so
[18/69] Linking target sklearn/metrics/_pairwise_fast.cpython-313-x86_64-linux-gnu.so
[19/69] Linking target sklearn/metrics/_pairwise_distances_reduction/_datasets_pair.cpython-313-x86_64-linux-gnu.so
[20/69] Linking target sklearn/metrics/_pairwise_distances_reduction/_base.cpython-313-x86_64-linux-gnu.so
[21/69] Linking target sklearn/metrics/_pairwise_distances_reduction/_argkmin.cpython-313-x86_64-linux-gnu.so
[22/69] Linking target sklearn/metrics/_pairwise_distances_reduction/_radius_neighbors.cpython-313-x86_64-linux-gnu.so
[23/69] Linking target sklearn/metrics/_pairwise_distances_reduction/_argkmin_classmode.cpython-313-x86_64-linux-gnu.so
[24/69] Linking target sklearn/metrics/_pairwise_distances_reduction/_radius_neighbors_classmode.cpython-313-x86_64-linux-gnu.so
[25/69] Linking target sklearn/metrics/cluster/_expected_mutual_info_fast.cpython-313-x86_64-linux-gnu.so
[26/69] Linking target sklearn/cluster/_dbscan_inner.cpython-313-x86_64-linux-gnu.so
[27/69] Linking target sklearn/_loss/_loss.cpython-313-x86_64-linux-gnu.so
[28/69] Linking target sklearn/metrics/_pairwise_distances_reduction/_middle_term_computer.cpython-313-x86_64-linux-gnu.so
[29/69] Linking target sklearn/cluster/_hierarchical_fast.cpython-313-x86_64-linux-gnu.so
[30/69] Linking target sklearn/cluster/_k_means_minibatch.cpython-313-x86_64-linux-gnu.so
[31/69] Linking target sklearn/cluster/_hdbscan/_tree.cpython-313-x86_64-linux-gnu.so
[32/69] Linking target sklearn/cluster/_k_means_common.cpython-313-x86_64-linux-gnu.so
[33/69] Linking target sklearn/cluster/_k_means_elkan.cpython-313-x86_64-linux-gnu.so
[34/69] Linking target sklearn/cluster/_hdbscan/_linkage.cpython-313-x86_64-linux-gnu.so
[35/69] Linking target sklearn/cluster/_hdbscan/_reachability.cpython-313-x86_64-linux-gnu.so
[36/69] Linking target sklearn/ensemble/_gradient_boosting.cpython-313-x86_64-linux-gnu.so
[37/69] Linking target sklearn/ensemble/_hist_gradient_boosting/_gradient_boosting.cpython-313-x86_64-linux-gnu.so
[38/69] Linking target sklearn/manifold/_utils.cpython-313-x86_64-linux-gnu.so
[39/69] Linking target sklearn/datasets/_svmlight_format_fast.cpython-313-x86_64-linux-gnu.so
[40/69] Linking target sklearn/decomposition/_online_lda_fast.cpython-313-x86_64-linux-gnu.so
[41/69] Linking target sklearn/decomposition/_cdnmf_fast.cpython-313-x86_64-linux-gnu.so
[42/69] Linking target sklearn/ensemble/_hist_gradient_boosting/histogram.cpython-313-x86_64-linux-gnu.so
[43/69] Linking target sklearn/ensemble/_hist_gradient_boosting/splitting.cpython-313-x86_64-linux-gnu.so
[44/69] Linking target sklearn/ensemble/_hist_gradient_boosting/_binning.cpython-313-x86_64-linux-gnu.so
[45/69] Linking target sklearn/ensemble/_hist_gradient_boosting/_predictor.cpython-313-x86_64-linux-gnu.so
[46/69] Linking target sklearn/ensemble/_hist_gradient_boosting/_bitset.cpython-313-x86_64-linux-gnu.so
[47/69] Linking target sklearn/ensemble/_hist_gradient_boosting/common.cpython-313-x86_64-linux-gnu.so
[48/69] Linking target sklearn/feature_extraction/_hashing_fast.cpython-313-x86_64-linux-gnu.so
[49/69] Linking target sklearn/linear_model/_cd_fast.cpython-313-x86_64-linux-gnu.so
[50/69] Linking target sklearn/linear_model/_sgd_fast.cpython-313-x86_64-linux-gnu.so
[51/69] Linking target sklearn/linear_model/_sag_fast.cpython-313-x86_64-linux-gnu.so
[52/69] Linking target sklearn/manifold/_barnes_hut_tsne.cpython-313-x86_64-linux-gnu.so
[53/69] Linking target sklearn/neighbors/_ball_tree.cpython-313-x86_64-linux-gnu.so
[54/69] Linking target sklearn/neighbors/_partition_nodes.cpython-313-x86_64-linux-gnu.so
[55/69] Linking target sklearn/neighbors/_quad_tree.cpython-313-x86_64-linux-gnu.so
[56/69] Linking target sklearn/preprocessing/_csr_polynomial_expansion.cpython-313-x86_64-linux-gnu.so
[57/69] Linking target sklearn/svm/_newrand.cpython-313-x86_64-linux-gnu.so
[58/69] Linking target sklearn/neighbors/_kd_tree.cpython-313-x86_64-linux-gnu.so
[59/69] Linking target sklearn/tree/_criterion.cpython-313-x86_64-linux-gnu.so
[60/69] Linking target sklearn/preprocessing/_target_encoder_fast.cpython-313-x86_64-linux-gnu.so
[61/69] Linking target sklearn/tree/_splitter.cpython-313-x86_64-linux-gnu.so
[62/69] Linking target sklearn/tree/_utils.cpython-313-x86_64-linux-gnu.so
[63/69] Linking target sklearn/tree/_partitioner.cpython-313-x86_64-linux-gnu.so
[64/69] Linking target sklearn/tree/_tree.cpython-313-x86_64-linux-gnu.so
[65/69] Linking target sklearn/svm/_libsvm.cpython-313-x86_64-linux-gnu.so
[66/69] Linking target sklearn/svm/_libsvm_sparse.cpython-313-x86_64-linux-gnu.so
[67/69] Linking target sklearn/svm/_liblinear.cpython-313-x86_64-linux-gnu.so
[68/69] Compiling C object sklearn/cluster/_k_means_lloyd.cpython-313-x86_64-linux-gnu.so.p/meson-generated_sklearn_cluster__k_means_lloyd.pyx.c.o
[69/69] Linking target sklearn/cluster/_k_means_lloyd.cpython-313-x86_64-linux-gnu.so
