Using custom assign_centroids function
using conda environment sklearn-env
Creating output directory for timings
Starting timing of sklearn KMeans implementation for up to 24
Starting timing for 1 OMP_NUM_THREADS
meson-python: building scikit-learn: /home/kurs_2024_sose_hpc/kurs_2024_sose_hpc_11/.conda/envs/sklearn-env/bin/ninja
[1/139] Compiling C object sklearn/utils/_heap.cpython-313-x86_64-linux-gnu.so.p/meson-generated_sklearn_utils__heap.pyx.c.o
[2/139] Compiling C object sklearn/utils/_sorting.cpython-313-x86_64-linux-gnu.so.p/meson-generated_sklearn_utils__sorting.pyx.c.o
[3/139] Compiling C object sklearn/__check_build/_check_build.cpython-313-x86_64-linux-gnu.so.p/meson-generated_sklearn___check_build__check_build.pyx.c.o
[4/139] Compiling C object sklearn/utils/_openmp_helpers.cpython-313-x86_64-linux-gnu.so.p/meson-generated_sklearn_utils__openmp_helpers.pyx.c.o
[5/139] Compiling Cython source /scratch/kurs_2024_sose_hpc/kurs_2024_sose_hpc_11/scikit-learn/sklearn/cluster/_k_means_lloyd.pyx
[6/139] Compiling C++ object sklearn/utils/_vector_sentinel.cpython-313-x86_64-linux-gnu.so.p/meson-generated_sklearn_utils__vector_sentinel.pyx.cpp.o
[7/139] Compiling C object sklearn/utils/murmurhash.cpython-313-x86_64-linux-gnu.so.p/meson-generated_sklearn_utils_murmurhash.pyx.c.o
[8/139] Compiling C object sklearn/utils/_weight_vector.cpython-313-x86_64-linux-gnu.so.p/meson-generated_sklearn_utils__weight_vector.pyx.c.o
[9/139] Compiling C++ object sklearn/cluster/_dbscan_inner.cpython-313-x86_64-linux-gnu.so.p/meson-generated_sklearn_cluster__dbscan_inner.pyx.cpp.o
[10/139] Compiling C++ object sklearn/utils/_fast_dict.cpython-313-x86_64-linux-gnu.so.p/meson-generated_sklearn_utils__fast_dict.pyx.cpp.o
[11/139] Compiling C++ object sklearn/metrics/_pairwise_distances_reduction/_argkmin_classmode.cpython-313-x86_64-linux-gnu.so.p/meson-generated_sklearn_metrics__pairwise_distances_reduction__argkmin_classmode.pyx.cpp.o
[12/139] Compiling C object sklearn/metrics/cluster/_expected_mutual_info_fast.cpython-313-x86_64-linux-gnu.so.p/meson-generated_sklearn_metrics_cluster__expected_mutual_info_fast.pyx.c.o
[13/139] Compiling C object sklearn/utils/_isfinite.cpython-313-x86_64-linux-gnu.so.p/meson-generated_sklearn_utils__isfinite.pyx.c.o
[14/139] Compiling C object sklearn/utils/_seq_dataset.cpython-313-x86_64-linux-gnu.so.p/meson-generated_sklearn_utils__seq_dataset.pyx.c.o
[15/139] Compiling C++ object sklearn/metrics/_pairwise_distances_reduction/_base.cpython-313-x86_64-linux-gnu.so.p/meson-generated_sklearn_metrics__pairwise_distances_reduction__base.pyx.cpp.o
[16/139] Compiling C object sklearn/metrics/_pairwise_fast.cpython-313-x86_64-linux-gnu.so.p/meson-generated_sklearn_metrics__pairwise_fast.pyx.c.o
[17/139] Compiling C object sklearn/utils/_typedefs.cpython-313-x86_64-linux-gnu.so.p/meson-generated_sklearn_utils__typedefs.pyx.c.o
[18/139] Compiling C object sklearn/_isotonic.cpython-313-x86_64-linux-gnu.so.p/meson-generated_sklearn__isotonic.pyx.c.o
[19/139] Compiling C object sklearn/utils/arrayfuncs.cpython-313-x86_64-linux-gnu.so.p/meson-generated_sklearn_utils_arrayfuncs.pyx.c.o
[20/139] Compiling C object sklearn/utils/_random.cpython-313-x86_64-linux-gnu.so.p/meson-generated_sklearn_utils__random.pyx.c.o
[21/139] Compiling C++ object sklearn/metrics/_pairwise_distances_reduction/_radius_neighbors_classmode.cpython-313-x86_64-linux-gnu.so.p/meson-generated_sklearn_metrics__pairwise_distances_reduction__radius_neighbors_classmode.pyx.cpp.o
[22/139] Compiling C++ object sklearn/metrics/_pairwise_distances_reduction/_argkmin.cpython-313-x86_64-linux-gnu.so.p/meson-generated_sklearn_metrics__pairwise_distances_reduction__argkmin.pyx.cpp.o
[23/139] Compiling C++ object sklearn/metrics/_pairwise_distances_reduction/_radius_neighbors.cpython-313-x86_64-linux-gnu.so.p/meson-generated_sklearn_metrics__pairwise_distances_reduction__radius_neighbors.pyx.cpp.o
[24/139] Compiling C++ object sklearn/cluster/_hierarchical_fast.cpython-313-x86_64-linux-gnu.so.p/meson-generated_sklearn_cluster__hierarchical_fast.pyx.cpp.o
[25/139] Compiling C++ object sklearn/metrics/_pairwise_distances_reduction/_datasets_pair.cpython-313-x86_64-linux-gnu.so.p/meson-generated_sklearn_metrics__pairwise_distances_reduction__datasets_pair.pyx.cpp.o
[26/139] Compiling C++ object sklearn/metrics/_pairwise_distances_reduction/_middle_term_computer.cpython-313-x86_64-linux-gnu.so.p/meson-generated_sklearn_metrics__pairwise_distances_reduction__middle_term_computer.pyx.cpp.o
[27/139] Compiling C++ object sklearn/feature_extraction/_hashing_fast.cpython-313-x86_64-linux-gnu.so.p/meson-generated_sklearn_feature_extraction__hashing_fast.pyx.cpp.o
[28/139] Compiling C object sklearn/ensemble/_hist_gradient_boosting/common.cpython-313-x86_64-linux-gnu.so.p/meson-generated_sklearn_ensemble__hist_gradient_boosting_common.pyx.c.o
[29/139] Compiling C object sklearn/cluster/_hdbscan/_linkage.cpython-313-x86_64-linux-gnu.so.p/meson-generated_sklearn_cluster__hdbscan__linkage.pyx.c.o
[30/139] Compiling C object sklearn/ensemble/_hist_gradient_boosting/_gradient_boosting.cpython-313-x86_64-linux-gnu.so.p/meson-generated_sklearn_ensemble__hist_gradient_boosting__gradient_boosting.pyx.c.o
[31/139] Compiling C object sklearn/ensemble/_hist_gradient_boosting/_binning.cpython-313-x86_64-linux-gnu.so.p/meson-generated_sklearn_ensemble__hist_gradient_boosting__binning.pyx.c.o
[32/139] Compiling C object sklearn/cluster/_k_means_minibatch.cpython-313-x86_64-linux-gnu.so.p/meson-generated_sklearn_cluster__k_means_minibatch.pyx.c.o
[33/139] Compiling C object sklearn/decomposition/_cdnmf_fast.cpython-313-x86_64-linux-gnu.so.p/meson-generated_sklearn_decomposition__cdnmf_fast.pyx.c.o
[34/139] Compiling C object sklearn/utils/_cython_blas.cpython-313-x86_64-linux-gnu.so.p/meson-generated_sklearn_utils__cython_blas.pyx.c.o
[35/139] Compiling C object sklearn/cluster/_k_means_lloyd.cpython-313-x86_64-linux-gnu.so.p/meson-generated_sklearn_cluster__k_means_lloyd.pyx.c.o
[36/139] Compiling C object sklearn/ensemble/_hist_gradient_boosting/_bitset.cpython-313-x86_64-linux-gnu.so.p/meson-generated_sklearn_ensemble__hist_gradient_boosting__bitset.pyx.c.o
[37/139] Linking static target sklearn/svm/liblibsvm-skl.a
[38/139] Compiling C++ object sklearn/neighbors/_partition_nodes.cpython-313-x86_64-linux-gnu.so.p/meson-generated_sklearn_neighbors__partition_nodes.pyx.cpp.o
[39/139] Compiling C object sklearn/ensemble/_hist_gradient_boosting/_predictor.cpython-313-x86_64-linux-gnu.so.p/meson-generated_sklearn_ensemble__hist_gradient_boosting__predictor.pyx.c.o
[40/139] Linking static target sklearn/svm/libliblinear-skl.a
[41/139] Compiling C object sklearn/ensemble/_gradient_boosting.cpython-313-x86_64-linux-gnu.so.p/meson-generated_sklearn_ensemble__gradient_boosting.pyx.c.o
[42/139] Compiling C object sklearn/ensemble/_hist_gradient_boosting/histogram.cpython-313-x86_64-linux-gnu.so.p/meson-generated_sklearn_ensemble__hist_gradient_boosting_histogram.pyx.c.o
[43/139] Compiling C object sklearn/decomposition/_online_lda_fast.cpython-313-x86_64-linux-gnu.so.p/meson-generated_sklearn_decomposition__online_lda_fast.pyx.c.o
[44/139] Compiling C++ object sklearn/svm/_newrand.cpython-313-x86_64-linux-gnu.so.p/meson-generated_sklearn_svm__newrand.pyx.cpp.o
[45/139] Compiling C object sklearn/ensemble/_hist_gradient_boosting/splitting.cpython-313-x86_64-linux-gnu.so.p/meson-generated_sklearn_ensemble__hist_gradient_boosting_splitting.pyx.c.o
[46/139] Compiling C object sklearn/cluster/_hdbscan/_reachability.cpython-313-x86_64-linux-gnu.so.p/meson-generated_sklearn_cluster__hdbscan__reachability.pyx.c.o
[47/139] Linking target sklearn/_isotonic.cpython-313-x86_64-linux-gnu.so
[48/139] Compiling C object sklearn/cluster/_k_means_common.cpython-313-x86_64-linux-gnu.so.p/meson-generated_sklearn_cluster__k_means_common.pyx.c.o
[49/139] Linking target sklearn/__check_build/_check_build.cpython-313-x86_64-linux-gnu.so
[50/139] Linking target sklearn/utils/_cython_blas.cpython-313-x86_64-linux-gnu.so
[51/139] Linking target sklearn/utils/arrayfuncs.cpython-313-x86_64-linux-gnu.so
[52/139] Compiling C object sklearn/metrics/_dist_metrics.cpython-313-x86_64-linux-gnu.so.p/meson-generated_sklearn_metrics__dist_metrics.pyx.c.o
sklearn/metrics/_dist_metrics.cpython-313-x86_64-linux-gnu.so.p/sklearn/metrics/_dist_metrics.pyx.c: In function ‘__pyx_pf_7sklearn_7metrics_13_dist_metrics_16DistanceMetric64_22_pairwise_sparse_dense’:
sklearn/metrics/_dist_metrics.cpython-313-x86_64-linux-gnu.so.p/sklearn/metrics/_dist_metrics.pyx.c:29538:29: warning: assignment discards ‘const’ qualifier from pointer target type [-Wdiscarded-qualifiers]
29538 |             __pyx_v_x2_data = ((&(*((__pyx_t_7sklearn_5utils_9_typedefs_float64_t const  *) ( /* dim=1 */ ((char *) (((__pyx_t_7sklearn_5utils_9_typedefs_float64_t const  *) ( /* dim=0 */ (__pyx_v_Y_data.data + __pyx_t_18 * __pyx_v_Y_data.strides[0]) )) + __pyx_t_19)) )))) + (__pyx_v_i2 * __pyx_v_n_features));
      |                             ^
sklearn/metrics/_dist_metrics.cpython-313-x86_64-linux-gnu.so.p/sklearn/metrics/_dist_metrics.pyx.c: In function ‘__pyx_pf_7sklearn_7metrics_13_dist_metrics_16DistanceMetric64_24_pairwise_dense_sparse’:
sklearn/metrics/_dist_metrics.cpython-313-x86_64-linux-gnu.so.p/sklearn/metrics/_dist_metrics.pyx.c:30323:27: warning: assignment discards ‘const’ qualifier from pointer target type [-Wdiscarded-qualifiers]
30323 |           __pyx_v_x1_data = ((&(*((__pyx_t_7sklearn_5utils_9_typedefs_float64_t const  *) ( /* dim=1 */ ((char *) (((__pyx_t_7sklearn_5utils_9_typedefs_float64_t const  *) ( /* dim=0 */ (__pyx_v_X_data.data + __pyx_t_15 * __pyx_v_X_data.strides[0]) )) + __pyx_t_16)) )))) + (__pyx_v_i1 * __pyx_v_n_features));
      |                           ^
sklearn/metrics/_dist_metrics.cpython-313-x86_64-linux-gnu.so.p/sklearn/metrics/_dist_metrics.pyx.c: In function ‘__pyx_pf_7sklearn_7metrics_13_dist_metrics_16DistanceMetric32_22_pairwise_sparse_dense’:
sklearn/metrics/_dist_metrics.cpython-313-x86_64-linux-gnu.so.p/sklearn/metrics/_dist_metrics.pyx.c:49162:29: warning: assignment discards ‘const’ qualifier from pointer target type [-Wdiscarded-qualifiers]
49162 |             __pyx_v_x2_data = ((&(*((__pyx_t_7sklearn_5utils_9_typedefs_float32_t const  *) ( /* dim=1 */ ((char *) (((__pyx_t_7sklearn_5utils_9_typedefs_float32_t const  *) ( /* dim=0 */ (__pyx_v_Y_data.data + __pyx_t_18 * __pyx_v_Y_data.strides[0]) )) + __pyx_t_19)) )))) + (__pyx_v_i2 * __pyx_v_n_features));
      |                             ^
sklearn/metrics/_dist_metrics.cpython-313-x86_64-linux-gnu.so.p/sklearn/metrics/_dist_metrics.pyx.c: In function ‘__pyx_pf_7sklearn_7metrics_13_dist_metrics_16DistanceMetric32_24_pairwise_dense_sparse’:
sklearn/metrics/_dist_metrics.cpython-313-x86_64-linux-gnu.so.p/sklearn/metrics/_dist_metrics.pyx.c:49947:27: warning: assignment discards ‘const’ qualifier from pointer target type [-Wdiscarded-qualifiers]
49947 |           __pyx_v_x1_data = ((&(*((__pyx_t_7sklearn_5utils_9_typedefs_float32_t const  *) ( /* dim=1 */ ((char *) (((__pyx_t_7sklearn_5utils_9_typedefs_float32_t const  *) ( /* dim=0 */ (__pyx_v_X_data.data + __pyx_t_15 * __pyx_v_X_data.strides[0]) )) + __pyx_t_16)) )))) + (__pyx_v_i1 * __pyx_v_n_features));
      |                           ^
[53/139] Linking target sklearn/utils/murmurhash.cpython-313-x86_64-linux-gnu.so
[54/139] Linking target sklearn/utils/_fast_dict.cpython-313-x86_64-linux-gnu.so
[55/139] Linking target sklearn/utils/_random.cpython-313-x86_64-linux-gnu.so
[56/139] Linking target sklearn/utils/_openmp_helpers.cpython-313-x86_64-linux-gnu.so
[57/139] Linking target sklearn/utils/_typedefs.cpython-313-x86_64-linux-gnu.so
[58/139] Linking target sklearn/utils/_heap.cpython-313-x86_64-linux-gnu.so
[59/139] Linking target sklearn/utils/_sorting.cpython-313-x86_64-linux-gnu.so
[60/139] Linking target sklearn/utils/_vector_sentinel.cpython-313-x86_64-linux-gnu.so
[61/139] Linking target sklearn/utils/_seq_dataset.cpython-313-x86_64-linux-gnu.so
[62/139] Linking target sklearn/utils/_isfinite.cpython-313-x86_64-linux-gnu.so
[63/139] Linking target sklearn/utils/_weight_vector.cpython-313-x86_64-linux-gnu.so
[64/139] Linking target sklearn/metrics/_dist_metrics.cpython-313-x86_64-linux-gnu.so
[65/139] Linking target sklearn/metrics/_pairwise_fast.cpython-313-x86_64-linux-gnu.so
[66/139] Linking target sklearn/metrics/_pairwise_distances_reduction/_datasets_pair.cpython-313-x86_64-linux-gnu.so
[67/139] Compiling C object sklearn/manifold/_utils.cpython-313-x86_64-linux-gnu.so.p/meson-generated_sklearn_manifold__utils.pyx.c.o
[68/139] Linking target sklearn/metrics/_pairwise_distances_reduction/_base.cpython-313-x86_64-linux-gnu.so
[69/139] Linking target sklearn/metrics/_pairwise_distances_reduction/_middle_term_computer.cpython-313-x86_64-linux-gnu.so
[70/139] Compiling C object sklearn/cluster/_hdbscan/_tree.cpython-313-x86_64-linux-gnu.so.p/meson-generated_sklearn_cluster__hdbscan__tree.pyx.c.o
[71/139] Linking target sklearn/metrics/_pairwise_distances_reduction/_radius_neighbors.cpython-313-x86_64-linux-gnu.so
[72/139] Linking target sklearn/metrics/_pairwise_distances_reduction/_argkmin.cpython-313-x86_64-linux-gnu.so
[73/139] Linking target sklearn/metrics/_pairwise_distances_reduction/_radius_neighbors_classmode.cpython-313-x86_64-linux-gnu.so
[74/139] Linking target sklearn/metrics/_pairwise_distances_reduction/_argkmin_classmode.cpython-313-x86_64-linux-gnu.so
[75/139] Linking target sklearn/metrics/cluster/_expected_mutual_info_fast.cpython-313-x86_64-linux-gnu.so
[76/139] Linking target sklearn/cluster/_dbscan_inner.cpython-313-x86_64-linux-gnu.so
[77/139] Linking target sklearn/cluster/_hierarchical_fast.cpython-313-x86_64-linux-gnu.so
[78/139] Linking target sklearn/cluster/_k_means_common.cpython-313-x86_64-linux-gnu.so
[79/139] Linking target sklearn/cluster/_k_means_lloyd.cpython-313-x86_64-linux-gnu.so
[80/139] Linking target sklearn/cluster/_hdbscan/_linkage.cpython-313-x86_64-linux-gnu.so
[81/139] Linking target sklearn/cluster/_hdbscan/_reachability.cpython-313-x86_64-linux-gnu.so
[82/139] Linking target sklearn/cluster/_k_means_minibatch.cpython-313-x86_64-linux-gnu.so
[83/139] Linking target sklearn/cluster/_hdbscan/_tree.cpython-313-x86_64-linux-gnu.so
[84/139] Linking target sklearn/decomposition/_online_lda_fast.cpython-313-x86_64-linux-gnu.so
[85/139] Compiling C object sklearn/cluster/_k_means_elkan.cpython-313-x86_64-linux-gnu.so.p/meson-generated_sklearn_cluster__k_means_elkan.pyx.c.o
[86/139] Linking target sklearn/ensemble/_gradient_boosting.cpython-313-x86_64-linux-gnu.so
[87/139] Linking target sklearn/decomposition/_cdnmf_fast.cpython-313-x86_64-linux-gnu.so
[88/139] Linking target sklearn/ensemble/_hist_gradient_boosting/_gradient_boosting.cpython-313-x86_64-linux-gnu.so
[89/139] Linking target sklearn/ensemble/_hist_gradient_boosting/histogram.cpython-313-x86_64-linux-gnu.so
[90/139] Linking target sklearn/ensemble/_hist_gradient_boosting/splitting.cpython-313-x86_64-linux-gnu.so
[91/139] Linking target sklearn/cluster/_k_means_elkan.cpython-313-x86_64-linux-gnu.so
[92/139] Linking target sklearn/ensemble/_hist_gradient_boosting/_predictor.cpython-313-x86_64-linux-gnu.so
[93/139] Linking target sklearn/ensemble/_hist_gradient_boosting/_binning.cpython-313-x86_64-linux-gnu.so
[94/139] Linking target sklearn/ensemble/_hist_gradient_boosting/_bitset.cpython-313-x86_64-linux-gnu.so
[95/139] Linking target sklearn/ensemble/_hist_gradient_boosting/common.cpython-313-x86_64-linux-gnu.so
[96/139] Linking target sklearn/neighbors/_partition_nodes.cpython-313-x86_64-linux-gnu.so
[97/139] Linking target sklearn/manifold/_utils.cpython-313-x86_64-linux-gnu.so
[98/139] Linking target sklearn/svm/_newrand.cpython-313-x86_64-linux-gnu.so
[99/139] Linking target sklearn/feature_extraction/_hashing_fast.cpython-313-x86_64-linux-gnu.so
[100/139] Compiling C object sklearn/manifold/_barnes_hut_tsne.cpython-313-x86_64-linux-gnu.so.p/meson-generated_sklearn_manifold__barnes_hut_tsne.pyx.c.o
[101/139] Linking target sklearn/manifold/_barnes_hut_tsne.cpython-313-x86_64-linux-gnu.so
[102/139] Compiling C object sklearn/linear_model/_sag_fast.cpython-313-x86_64-linux-gnu.so.p/meson-generated_sklearn_linear_model__sag_fast.pyx.c.o
[103/139] Linking target sklearn/linear_model/_sag_fast.cpython-313-x86_64-linux-gnu.so
[104/139] Compiling C object sklearn/linear_model/_sgd_fast.cpython-313-x86_64-linux-gnu.so.p/meson-generated_sklearn_linear_model__sgd_fast.pyx.c.o
[105/139] Linking target sklearn/linear_model/_sgd_fast.cpython-313-x86_64-linux-gnu.so
[106/139] Compiling C object sklearn/tree/_splitter.cpython-313-x86_64-linux-gnu.so.p/meson-generated_sklearn_tree__splitter.pyx.c.o
[107/139] Linking target sklearn/tree/_splitter.cpython-313-x86_64-linux-gnu.so
[108/139] Compiling C object sklearn/svm/_liblinear.cpython-313-x86_64-linux-gnu.so.p/meson-generated_sklearn_svm__liblinear.pyx.c.o
[109/139] Linking target sklearn/svm/_liblinear.cpython-313-x86_64-linux-gnu.so
[110/139] Compiling C object sklearn/neighbors/_quad_tree.cpython-313-x86_64-linux-gnu.so.p/meson-generated_sklearn_neighbors__quad_tree.pyx.c.o
[111/139] Linking target sklearn/neighbors/_quad_tree.cpython-313-x86_64-linux-gnu.so
[112/139] Compiling C object sklearn/tree/_partitioner.cpython-313-x86_64-linux-gnu.so.p/meson-generated_sklearn_tree__partitioner.pyx.c.o
[113/139] Linking target sklearn/tree/_partitioner.cpython-313-x86_64-linux-gnu.so
[114/139] Compiling C object sklearn/utils/sparsefuncs_fast.cpython-313-x86_64-linux-gnu.so.p/meson-generated_sklearn_utils_sparsefuncs_fast.pyx.c.o
[115/139] Linking target sklearn/utils/sparsefuncs_fast.cpython-313-x86_64-linux-gnu.so
[116/139] Compiling C object sklearn/tree/_utils.cpython-313-x86_64-linux-gnu.so.p/meson-generated_sklearn_tree__utils.pyx.c.o
[117/139] Linking target sklearn/tree/_utils.cpython-313-x86_64-linux-gnu.so
[118/139] Compiling C object sklearn/datasets/_svmlight_format_fast.cpython-313-x86_64-linux-gnu.so.p/meson-generated_sklearn_datasets__svmlight_format_fast.pyx.c.o
sklearn/datasets/_svmlight_format_fast.cpython-313-x86_64-linux-gnu.so.p/sklearn/datasets/_svmlight_format_fast.pyx.c:3297:9: warning: ‘Py_UNICODE’ is deprecated [-Wdeprecated-declarations]
 3297 |         Py_UNICODE *as_pyunicodes;
      |         ^~~~~~~~~~
[119/139] Compiling C object sklearn/tree/_criterion.cpython-313-x86_64-linux-gnu.so.p/meson-generated_sklearn_tree__criterion.pyx.c.o
[120/139] Linking target sklearn/datasets/_svmlight_format_fast.cpython-313-x86_64-linux-gnu.so
[121/139] Linking target sklearn/tree/_criterion.cpython-313-x86_64-linux-gnu.so
[122/139] Compiling C object sklearn/svm/_libsvm_sparse.cpython-313-x86_64-linux-gnu.so.p/meson-generated_sklearn_svm__libsvm_sparse.pyx.c.o
[123/139] Linking target sklearn/svm/_libsvm_sparse.cpython-313-x86_64-linux-gnu.so
[124/139] Compiling C object sklearn/linear_model/_cd_fast.cpython-313-x86_64-linux-gnu.so.p/meson-generated_sklearn_linear_model__cd_fast.pyx.c.o
[125/139] Linking target sklearn/linear_model/_cd_fast.cpython-313-x86_64-linux-gnu.so
[126/139] Compiling C object sklearn/svm/_libsvm.cpython-313-x86_64-linux-gnu.so.p/meson-generated_sklearn_svm__libsvm.pyx.c.o
[127/139] Linking target sklearn/svm/_libsvm.cpython-313-x86_64-linux-gnu.so
[128/139] Compiling C object sklearn/preprocessing/_csr_polynomial_expansion.cpython-313-x86_64-linux-gnu.so.p/meson-generated_sklearn_preprocessing__csr_polynomial_expansion.pyx.c.o
[129/139] Linking target sklearn/preprocessing/_csr_polynomial_expansion.cpython-313-x86_64-linux-gnu.so
[130/139] Compiling C++ object sklearn/preprocessing/_target_encoder_fast.cpython-313-x86_64-linux-gnu.so.p/meson-generated_sklearn_preprocessing__target_encoder_fast.pyx.cpp.o
[131/139] Linking target sklearn/preprocessing/_target_encoder_fast.cpython-313-x86_64-linux-gnu.so
[132/139] Compiling C++ object sklearn/tree/_tree.cpython-313-x86_64-linux-gnu.so.p/meson-generated_sklearn_tree__tree.pyx.cpp.o
[133/139] Linking target sklearn/tree/_tree.cpython-313-x86_64-linux-gnu.so
[134/139] Compiling C object sklearn/neighbors/_ball_tree.cpython-313-x86_64-linux-gnu.so.p/meson-generated_sklearn_neighbors__ball_tree.pyx.c.o
sklearn/neighbors/_ball_tree.cpython-313-x86_64-linux-gnu.so.p/sklearn/neighbors/_ball_tree.pyx.c: In function ‘__pyx_f_7sklearn_9neighbors_10_ball_tree_12BinaryTree64__recursive_build’:
sklearn/neighbors/_ball_tree.cpython-313-x86_64-linux-gnu.so.p/sklearn/neighbors/_ball_tree.pyx.c:32767:21: warning: assignment discards ‘const’ qualifier from pointer target type [-Wdiscarded-qualifiers]
32767 |   __pyx_v_idx_array = (&(*((__pyx_t_7sklearn_5utils_9_typedefs_intp_t const  *) ( /* dim=0 */ ((char *) (((__pyx_t_7sklearn_5utils_9_typedefs_intp_t const  *) __pyx_v_self->idx_array.data) + __pyx_t_1)) ))));
      |                     ^
sklearn/neighbors/_ball_tree.cpython-313-x86_64-linux-gnu.so.p/sklearn/neighbors/_ball_tree.pyx.c: In function ‘__pyx_f_7sklearn_9neighbors_10_ball_tree_12BinaryTree64__query_radius_single’:
sklearn/neighbors/_ball_tree.cpython-313-x86_64-linux-gnu.so.p/sklearn/neighbors/_ball_tree.pyx.c:40182:21: warning: assignment discards ‘const’ qualifier from pointer target type [-Wdiscarded-qualifiers]
40182 |   __pyx_v_idx_array = (&(*((__pyx_t_7sklearn_5utils_9_typedefs_intp_t const  *) ( /* dim=0 */ ((char *) (((__pyx_t_7sklearn_5utils_9_typedefs_intp_t const  *) __pyx_v_self->idx_array.data) + __pyx_t_2)) ))));
      |                     ^
sklearn/neighbors/_ball_tree.cpython-313-x86_64-linux-gnu.so.p/sklearn/neighbors/_ball_tree.pyx.c: In function ‘__pyx_f_7sklearn_9neighbors_10_ball_tree_12BinaryTree64__kde_single_breadthfirst’:
sklearn/neighbors/_ball_tree.cpython-313-x86_64-linux-gnu.so.p/sklearn/neighbors/_ball_tree.pyx.c:40735:21: warning: assignment discards ‘const’ qualifier from pointer target type [-Wdiscarded-qualifiers]
40735 |   __pyx_v_idx_array = (&(*((__pyx_t_7sklearn_5utils_9_typedefs_intp_t const  *) ( /* dim=0 */ ((char *) (((__pyx_t_7sklearn_5utils_9_typedefs_intp_t const  *) __pyx_v_self->idx_array.data) + __pyx_t_2)) ))));
      |                     ^
sklearn/neighbors/_ball_tree.cpython-313-x86_64-linux-gnu.so.p/sklearn/neighbors/_ball_tree.pyx.c: In function ‘__pyx_f_7sklearn_9neighbors_10_ball_tree_12BinaryTree64__kde_single_depthfirst’:
sklearn/neighbors/_ball_tree.cpython-313-x86_64-linux-gnu.so.p/sklearn/neighbors/_ball_tree.pyx.c:41641:21: warning: assignment discards ‘const’ qualifier from pointer target type [-Wdiscarded-qualifiers]
41641 |   __pyx_v_idx_array = (&(*((__pyx_t_7sklearn_5utils_9_typedefs_intp_t const  *) ( /* dim=0 */ ((char *) (((__pyx_t_7sklearn_5utils_9_typedefs_intp_t const  *) __pyx_v_self->idx_array.data) + __pyx_t_2)) ))));
      |                     ^
sklearn/neighbors/_ball_tree.cpython-313-x86_64-linux-gnu.so.p/sklearn/neighbors/_ball_tree.pyx.c: In function ‘__pyx_f_7sklearn_9neighbors_10_ball_tree_12BinaryTree64__two_point_single’:
sklearn/neighbors/_ball_tree.cpython-313-x86_64-linux-gnu.so.p/sklearn/neighbors/_ball_tree.pyx.c:42252:21: warning: assignment discards ‘const’ qualifier from pointer target type [-Wdiscarded-qualifiers]
42252 |   __pyx_v_idx_array = (&(*((__pyx_t_7sklearn_5utils_9_typedefs_intp_t const  *) ( /* dim=0 */ ((char *) (((__pyx_t_7sklearn_5utils_9_typedefs_intp_t const  *) __pyx_v_self->idx_array.data) + __pyx_t_2)) ))));
      |                     ^
sklearn/neighbors/_ball_tree.cpython-313-x86_64-linux-gnu.so.p/sklearn/neighbors/_ball_tree.pyx.c: In function ‘__pyx_f_7sklearn_9neighbors_10_ball_tree_12BinaryTree64__two_point_dual’:
sklearn/neighbors/_ball_tree.cpython-313-x86_64-linux-gnu.so.p/sklearn/neighbors/_ball_tree.pyx.c:42655:22: warning: assignment discards ‘const’ qualifier from pointer target type [-Wdiscarded-qualifiers]
42655 |   __pyx_v_idx_array1 = (&(*((__pyx_t_7sklearn_5utils_9_typedefs_intp_t const  *) ( /* dim=0 */ ((char *) (((__pyx_t_7sklearn_5utils_9_typedefs_intp_t const  *) __pyx_v_self->idx_array.data) + __pyx_t_1)) ))));
      |                      ^
sklearn/neighbors/_ball_tree.cpython-313-x86_64-linux-gnu.so.p/sklearn/neighbors/_ball_tree.pyx.c:42665:22: warning: assignment discards ‘const’ qualifier from pointer target type [-Wdiscarded-qualifiers]
42665 |   __pyx_v_idx_array2 = (&(*((__pyx_t_7sklearn_5utils_9_typedefs_intp_t const  *) ( /* dim=0 */ ((char *) (((__pyx_t_7sklearn_5utils_9_typedefs_intp_t const  *) __pyx_v_other->idx_array.data) + __pyx_t_1)) ))));
      |                      ^
sklearn/neighbors/_ball_tree.cpython-313-x86_64-linux-gnu.so.p/sklearn/neighbors/_ball_tree.pyx.c: In function ‘__pyx_f_7sklearn_9neighbors_10_ball_tree_12BinaryTree32__recursive_build’:
sklearn/neighbors/_ball_tree.cpython-313-x86_64-linux-gnu.so.p/sklearn/neighbors/_ball_tree.pyx.c:46580:21: warning: assignment discards ‘const’ qualifier from pointer target type [-Wdiscarded-qualifiers]
46580 |   __pyx_v_idx_array = (&(*((__pyx_t_7sklearn_5utils_9_typedefs_intp_t const  *) ( /* dim=0 */ ((char *) (((__pyx_t_7sklearn_5utils_9_typedefs_intp_t const  *) __pyx_v_self->idx_array.data) + __pyx_t_1)) ))));
      |                     ^
sklearn/neighbors/_ball_tree.cpython-313-x86_64-linux-gnu.so.p/sklearn/neighbors/_ball_tree.pyx.c: In function ‘__pyx_f_7sklearn_9neighbors_10_ball_tree_12BinaryTree32__query_radius_single’:
sklearn/neighbors/_ball_tree.cpython-313-x86_64-linux-gnu.so.p/sklearn/neighbors/_ball_tree.pyx.c:54004:21: warning: assignment discards ‘const’ qualifier from pointer target type [-Wdiscarded-qualifiers]
54004 |   __pyx_v_idx_array = (&(*((__pyx_t_7sklearn_5utils_9_typedefs_intp_t const  *) ( /* dim=0 */ ((char *) (((__pyx_t_7sklearn_5utils_9_typedefs_intp_t const  *) __pyx_v_self->idx_array.data) + __pyx_t_2)) ))));
      |                     ^
sklearn/neighbors/_ball_tree.cpython-313-x86_64-linux-gnu.so.p/sklearn/neighbors/_ball_tree.pyx.c: In function ‘__pyx_f_7sklearn_9neighbors_10_ball_tree_12BinaryTree32__kde_single_breadthfirst’:
sklearn/neighbors/_ball_tree.cpython-313-x86_64-linux-gnu.so.p/sklearn/neighbors/_ball_tree.pyx.c:54557:21: warning: assignment discards ‘const’ qualifier from pointer target type [-Wdiscarded-qualifiers]
54557 |   __pyx_v_idx_array = (&(*((__pyx_t_7sklearn_5utils_9_typedefs_intp_t const  *) ( /* dim=0 */ ((char *) (((__pyx_t_7sklearn_5utils_9_typedefs_intp_t const  *) __pyx_v_self->idx_array.data) + __pyx_t_2)) ))));
      |                     ^
sklearn/neighbors/_ball_tree.cpython-313-x86_64-linux-gnu.so.p/sklearn/neighbors/_ball_tree.pyx.c: In function ‘__pyx_f_7sklearn_9neighbors_10_ball_tree_12BinaryTree32__kde_single_depthfirst’:
sklearn/neighbors/_ball_tree.cpython-313-x86_64-linux-gnu.so.p/sklearn/neighbors/_ball_tree.pyx.c:55463:21: warning: assignment discards ‘const’ qualifier from pointer target type [-Wdiscarded-qualifiers]
55463 |   __pyx_v_idx_array = (&(*((__pyx_t_7sklearn_5utils_9_typedefs_intp_t const  *) ( /* dim=0 */ ((char *) (((__pyx_t_7sklearn_5utils_9_typedefs_intp_t const  *) __pyx_v_self->idx_array.data) + __pyx_t_2)) ))));
      |                     ^
sklearn/neighbors/_ball_tree.cpython-313-x86_64-linux-gnu.so.p/sklearn/neighbors/_ball_tree.pyx.c: In function ‘__pyx_f_7sklearn_9neighbors_10_ball_tree_12BinaryTree32__two_point_single’:
sklearn/neighbors/_ball_tree.cpython-313-x86_64-linux-gnu.so.p/sklearn/neighbors/_ball_tree.pyx.c:56074:21: warning: assignment discards ‘const’ qualifier from pointer target type [-Wdiscarded-qualifiers]
56074 |   __pyx_v_idx_array = (&(*((__pyx_t_7sklearn_5utils_9_typedefs_intp_t const  *) ( /* dim=0 */ ((char *) (((__pyx_t_7sklearn_5utils_9_typedefs_intp_t const  *) __pyx_v_self->idx_array.data) + __pyx_t_2)) ))));
      |                     ^
sklearn/neighbors/_ball_tree.cpython-313-x86_64-linux-gnu.so.p/sklearn/neighbors/_ball_tree.pyx.c: In function ‘__pyx_f_7sklearn_9neighbors_10_ball_tree_12BinaryTree32__two_point_dual’:
sklearn/neighbors/_ball_tree.cpython-313-x86_64-linux-gnu.so.p/sklearn/neighbors/_ball_tree.pyx.c:56477:22: warning: assignment discards ‘const’ qualifier from pointer target type [-Wdiscarded-qualifiers]
56477 |   __pyx_v_idx_array1 = (&(*((__pyx_t_7sklearn_5utils_9_typedefs_intp_t const  *) ( /* dim=0 */ ((char *) (((__pyx_t_7sklearn_5utils_9_typedefs_intp_t const  *) __pyx_v_self->idx_array.data) + __pyx_t_1)) ))));
      |                      ^
sklearn/neighbors/_ball_tree.cpython-313-x86_64-linux-gnu.so.p/sklearn/neighbors/_ball_tree.pyx.c:56487:22: warning: assignment discards ‘const’ qualifier from pointer target type [-Wdiscarded-qualifiers]
56487 |   __pyx_v_idx_array2 = (&(*((__pyx_t_7sklearn_5utils_9_typedefs_intp_t const  *) ( /* dim=0 */ ((char *) (((__pyx_t_7sklearn_5utils_9_typedefs_intp_t const  *) __pyx_v_other->idx_array.data) + __pyx_t_1)) ))));
      |                      ^
sklearn/neighbors/_ball_tree.cpython-313-x86_64-linux-gnu.so.p/sklearn/neighbors/_ball_tree.pyx.c: In function ‘__pyx_f_7sklearn_9neighbors_10_ball_tree_init_node64’:
sklearn/neighbors/_ball_tree.cpython-313-x86_64-linux-gnu.so.p/sklearn/neighbors/_ball_tree.pyx.c:58364:21: warning: assignment discards ‘const’ qualifier from pointer target type [-Wdiscarded-qualifiers]
58364 |   __pyx_v_idx_array = (&(*((__pyx_t_7sklearn_5utils_9_typedefs_intp_t const  *) ( /* dim=0 */ ((char *) (((__pyx_t_7sklearn_5utils_9_typedefs_intp_t const  *) __pyx_v_tree->idx_array.data) + __pyx_t_1)) ))));
      |                     ^
sklearn/neighbors/_ball_tree.cpython-313-x86_64-linux-gnu.so.p/sklearn/neighbors/_ball_tree.pyx.c:58387:20: warning: assignment discards ‘const’ qualifier from pointer target type [-Wdiscarded-qualifiers]
58387 |   __pyx_v_centroid = (&(*((__pyx_t_7sklearn_5utils_9_typedefs_float64_t const  *) ( /* dim=2 */ ((char *) (((__pyx_t_7sklearn_5utils_9_typedefs_float64_t const  *) ( /* dim=1 */ (( /* dim=0 */ (__pyx_v_tree->node_bounds.data + __pyx_t_2 * __pyx_v_tree->node_bounds.strides[0]) ) + __pyx_t_3 * __pyx_v_tree->node_bounds.strides[1]) )) + __pyx_t_1)) ))));
      |                    ^
sklearn/neighbors/_ball_tree.cpython-313-x86_64-linux-gnu.so.p/sklearn/neighbors/_ball_tree.pyx.c: In function ‘__pyx_f_7sklearn_9neighbors_10_ball_tree_init_node32’:
sklearn/neighbors/_ball_tree.cpython-313-x86_64-linux-gnu.so.p/sklearn/neighbors/_ball_tree.pyx.c:59739:21: warning: assignment discards ‘const’ qualifier from pointer target type [-Wdiscarded-qualifiers]
59739 |   __pyx_v_idx_array = (&(*((__pyx_t_7sklearn_5utils_9_typedefs_intp_t const  *) ( /* dim=0 */ ((char *) (((__pyx_t_7sklearn_5utils_9_typedefs_intp_t const  *) __pyx_v_tree->idx_array.data) + __pyx_t_1)) ))));
      |                     ^
sklearn/neighbors/_ball_tree.cpython-313-x86_64-linux-gnu.so.p/sklearn/neighbors/_ball_tree.pyx.c:59762:20: warning: assignment discards ‘const’ qualifier from pointer target type [-Wdiscarded-qualifiers]
59762 |   __pyx_v_centroid = (&(*((__pyx_t_7sklearn_5utils_9_typedefs_float32_t const  *) ( /* dim=2 */ ((char *) (((__pyx_t_7sklearn_5utils_9_typedefs_float32_t const  *) ( /* dim=1 */ (( /* dim=0 */ (__pyx_v_tree->node_bounds.data + __pyx_t_2 * __pyx_v_tree->node_bounds.strides[0]) ) + __pyx_t_3 * __pyx_v_tree->node_bounds.strides[1]) )) + __pyx_t_1)) ))));
      |                    ^
sklearn/neighbors/_ball_tree.cpython-313-x86_64-linux-gnu.so.p/sklearn/neighbors/_ball_tree.pyx.c: In function ‘__pyx_f_7sklearn_9neighbors_10_ball_tree_12BinaryTree32__kde_single_breadthfirst’:
sklearn/neighbors/_ball_tree.cpython-313-x86_64-linux-gnu.so.p/sklearn/neighbors/_ball_tree.pyx.c:54946:65: warning: ‘__pyx_v_sample_weight’ may be used uninitialized in this function [-Wmaybe-uninitialized]
54946 |           __pyx_t_12 = PyFloat_FromDouble((__pyx_v_sample_weight[(__pyx_v_idx_array[__pyx_v_i])])); if (unlikely(!__pyx_t_12)) __PYX_ERR(0, 3762, __pyx_L1_error)
      |                                                                 ^
sklearn/neighbors/_ball_tree.cpython-313-x86_64-linux-gnu.so.p/sklearn/neighbors/_ball_tree.pyx.c: In function ‘__pyx_f_7sklearn_9neighbors_10_ball_tree_12BinaryTree64__kde_single_breadthfirst’:
sklearn/neighbors/_ball_tree.cpython-313-x86_64-linux-gnu.so.p/sklearn/neighbors/_ball_tree.pyx.c:41124:65: warning: ‘__pyx_v_sample_weight’ may be used uninitialized in this function [-Wmaybe-uninitialized]
41124 |           __pyx_t_12 = PyFloat_FromDouble((__pyx_v_sample_weight[(__pyx_v_idx_array[__pyx_v_i])])); if (unlikely(!__pyx_t_12)) __PYX_ERR(0, 2126, __pyx_L1_error)
      |                                                                 ^
sklearn/neighbors/_ball_tree.cpython-313-x86_64-linux-gnu.so.p/sklearn/neighbors/_ball_tree.pyx.c: In function ‘__pyx_f_7sklearn_9neighbors_10_ball_tree_12BinaryTree32__kde_single_depthfirst’:
sklearn/neighbors/_ball_tree.cpython-313-x86_64-linux-gnu.so.p/sklearn/neighbors/_ball_tree.pyx.c:55679:62: warning: ‘__pyx_v_sample_weight’ may be used uninitialized in this function [-Wmaybe-uninitialized]
55679 |         __pyx_t_9 = PyFloat_FromDouble((__pyx_v_sample_weight[(__pyx_v_idx_array[__pyx_v_i])])); if (unlikely(!__pyx_t_9)) __PYX_ERR(0, 3904, __pyx_L1_error)
      |                                                              ^
sklearn/neighbors/_ball_tree.cpython-313-x86_64-linux-gnu.so.p/sklearn/neighbors/_ball_tree.pyx.c: In function ‘__pyx_f_7sklearn_9neighbors_10_ball_tree_12BinaryTree64__kde_single_depthfirst’:
sklearn/neighbors/_ball_tree.cpython-313-x86_64-linux-gnu.so.p/sklearn/neighbors/_ball_tree.pyx.c:41857:62: warning: ‘__pyx_v_sample_weight’ may be used uninitialized in this function [-Wmaybe-uninitialized]
41857 |         __pyx_t_9 = PyFloat_FromDouble((__pyx_v_sample_weight[(__pyx_v_idx_array[__pyx_v_i])])); if (unlikely(!__pyx_t_9)) __PYX_ERR(0, 2268, __pyx_L1_error)
      |                                                              ^
[135/139] Linking target sklearn/neighbors/_ball_tree.cpython-313-x86_64-linux-gnu.so
[136/139] Compiling C object sklearn/neighbors/_kd_tree.cpython-313-x86_64-linux-gnu.so.p/meson-generated_sklearn_neighbors__kd_tree.pyx.c.o
sklearn/neighbors/_kd_tree.cpython-313-x86_64-linux-gnu.so.p/sklearn/neighbors/_kd_tree.pyx.c: In function ‘__pyx_f_7sklearn_9neighbors_8_kd_tree_12BinaryTree64__recursive_build’:
sklearn/neighbors/_kd_tree.cpython-313-x86_64-linux-gnu.so.p/sklearn/neighbors/_kd_tree.pyx.c:32635:21: warning: assignment discards ‘const’ qualifier from pointer target type [-Wdiscarded-qualifiers]
32635 |   __pyx_v_idx_array = (&(*((__pyx_t_7sklearn_5utils_9_typedefs_intp_t const  *) ( /* dim=0 */ ((char *) (((__pyx_t_7sklearn_5utils_9_typedefs_intp_t const  *) __pyx_v_self->idx_array.data) + __pyx_t_1)) ))));
      |                     ^
sklearn/neighbors/_kd_tree.cpython-313-x86_64-linux-gnu.so.p/sklearn/neighbors/_kd_tree.pyx.c: In function ‘__pyx_f_7sklearn_9neighbors_8_kd_tree_12BinaryTree64__query_radius_single’:
sklearn/neighbors/_kd_tree.cpython-313-x86_64-linux-gnu.so.p/sklearn/neighbors/_kd_tree.pyx.c:40050:21: warning: assignment discards ‘const’ qualifier from pointer target type [-Wdiscarded-qualifiers]
40050 |   __pyx_v_idx_array = (&(*((__pyx_t_7sklearn_5utils_9_typedefs_intp_t const  *) ( /* dim=0 */ ((char *) (((__pyx_t_7sklearn_5utils_9_typedefs_intp_t const  *) __pyx_v_self->idx_array.data) + __pyx_t_2)) ))));
      |                     ^
sklearn/neighbors/_kd_tree.cpython-313-x86_64-linux-gnu.so.p/sklearn/neighbors/_kd_tree.pyx.c: In function ‘__pyx_f_7sklearn_9neighbors_8_kd_tree_12BinaryTree64__kde_single_breadthfirst’:
sklearn/neighbors/_kd_tree.cpython-313-x86_64-linux-gnu.so.p/sklearn/neighbors/_kd_tree.pyx.c:40603:21: warning: assignment discards ‘const’ qualifier from pointer target type [-Wdiscarded-qualifiers]
40603 |   __pyx_v_idx_array = (&(*((__pyx_t_7sklearn_5utils_9_typedefs_intp_t const  *) ( /* dim=0 */ ((char *) (((__pyx_t_7sklearn_5utils_9_typedefs_intp_t const  *) __pyx_v_self->idx_array.data) + __pyx_t_2)) ))));
      |                     ^
sklearn/neighbors/_kd_tree.cpython-313-x86_64-linux-gnu.so.p/sklearn/neighbors/_kd_tree.pyx.c: In function ‘__pyx_f_7sklearn_9neighbors_8_kd_tree_12BinaryTree64__kde_single_depthfirst’:
sklearn/neighbors/_kd_tree.cpython-313-x86_64-linux-gnu.so.p/sklearn/neighbors/_kd_tree.pyx.c:41509:21: warning: assignment discards ‘const’ qualifier from pointer target type [-Wdiscarded-qualifiers]
41509 |   __pyx_v_idx_array = (&(*((__pyx_t_7sklearn_5utils_9_typedefs_intp_t const  *) ( /* dim=0 */ ((char *) (((__pyx_t_7sklearn_5utils_9_typedefs_intp_t const  *) __pyx_v_self->idx_array.data) + __pyx_t_2)) ))));
      |                     ^
sklearn/neighbors/_kd_tree.cpython-313-x86_64-linux-gnu.so.p/sklearn/neighbors/_kd_tree.pyx.c: In function ‘__pyx_f_7sklearn_9neighbors_8_kd_tree_12BinaryTree64__two_point_single’:
sklearn/neighbors/_kd_tree.cpython-313-x86_64-linux-gnu.so.p/sklearn/neighbors/_kd_tree.pyx.c:42120:21: warning: assignment discards ‘const’ qualifier from pointer target type [-Wdiscarded-qualifiers]
42120 |   __pyx_v_idx_array = (&(*((__pyx_t_7sklearn_5utils_9_typedefs_intp_t const  *) ( /* dim=0 */ ((char *) (((__pyx_t_7sklearn_5utils_9_typedefs_intp_t const  *) __pyx_v_self->idx_array.data) + __pyx_t_2)) ))));
      |                     ^
sklearn/neighbors/_kd_tree.cpython-313-x86_64-linux-gnu.so.p/sklearn/neighbors/_kd_tree.pyx.c: In function ‘__pyx_f_7sklearn_9neighbors_8_kd_tree_12BinaryTree64__two_point_dual’:
sklearn/neighbors/_kd_tree.cpython-313-x86_64-linux-gnu.so.p/sklearn/neighbors/_kd_tree.pyx.c:42523:22: warning: assignment discards ‘const’ qualifier from pointer target type [-Wdiscarded-qualifiers]
42523 |   __pyx_v_idx_array1 = (&(*((__pyx_t_7sklearn_5utils_9_typedefs_intp_t const  *) ( /* dim=0 */ ((char *) (((__pyx_t_7sklearn_5utils_9_typedefs_intp_t const  *) __pyx_v_self->idx_array.data) + __pyx_t_1)) ))));
      |                      ^
sklearn/neighbors/_kd_tree.cpython-313-x86_64-linux-gnu.so.p/sklearn/neighbors/_kd_tree.pyx.c:42533:22: warning: assignment discards ‘const’ qualifier from pointer target type [-Wdiscarded-qualifiers]
42533 |   __pyx_v_idx_array2 = (&(*((__pyx_t_7sklearn_5utils_9_typedefs_intp_t const  *) ( /* dim=0 */ ((char *) (((__pyx_t_7sklearn_5utils_9_typedefs_intp_t const  *) __pyx_v_other->idx_array.data) + __pyx_t_1)) ))));
      |                      ^
sklearn/neighbors/_kd_tree.cpython-313-x86_64-linux-gnu.so.p/sklearn/neighbors/_kd_tree.pyx.c: In function ‘__pyx_f_7sklearn_9neighbors_8_kd_tree_12BinaryTree32__recursive_build’:
sklearn/neighbors/_kd_tree.cpython-313-x86_64-linux-gnu.so.p/sklearn/neighbors/_kd_tree.pyx.c:46448:21: warning: assignment discards ‘const’ qualifier from pointer target type [-Wdiscarded-qualifiers]
46448 |   __pyx_v_idx_array = (&(*((__pyx_t_7sklearn_5utils_9_typedefs_intp_t const  *) ( /* dim=0 */ ((char *) (((__pyx_t_7sklearn_5utils_9_typedefs_intp_t const  *) __pyx_v_self->idx_array.data) + __pyx_t_1)) ))));
      |                     ^
sklearn/neighbors/_kd_tree.cpython-313-x86_64-linux-gnu.so.p/sklearn/neighbors/_kd_tree.pyx.c: In function ‘__pyx_f_7sklearn_9neighbors_8_kd_tree_12BinaryTree32__query_radius_single’:
sklearn/neighbors/_kd_tree.cpython-313-x86_64-linux-gnu.so.p/sklearn/neighbors/_kd_tree.pyx.c:53872:21: warning: assignment discards ‘const’ qualifier from pointer target type [-Wdiscarded-qualifiers]
53872 |   __pyx_v_idx_array = (&(*((__pyx_t_7sklearn_5utils_9_typedefs_intp_t const  *) ( /* dim=0 */ ((char *) (((__pyx_t_7sklearn_5utils_9_typedefs_intp_t const  *) __pyx_v_self->idx_array.data) + __pyx_t_2)) ))));
      |                     ^
sklearn/neighbors/_kd_tree.cpython-313-x86_64-linux-gnu.so.p/sklearn/neighbors/_kd_tree.pyx.c: In function ‘__pyx_f_7sklearn_9neighbors_8_kd_tree_12BinaryTree32__kde_single_breadthfirst’:
sklearn/neighbors/_kd_tree.cpython-313-x86_64-linux-gnu.so.p/sklearn/neighbors/_kd_tree.pyx.c:54425:21: warning: assignment discards ‘const’ qualifier from pointer target type [-Wdiscarded-qualifiers]
54425 |   __pyx_v_idx_array = (&(*((__pyx_t_7sklearn_5utils_9_typedefs_intp_t const  *) ( /* dim=0 */ ((char *) (((__pyx_t_7sklearn_5utils_9_typedefs_intp_t const  *) __pyx_v_self->idx_array.data) + __pyx_t_2)) ))));
      |                     ^
sklearn/neighbors/_kd_tree.cpython-313-x86_64-linux-gnu.so.p/sklearn/neighbors/_kd_tree.pyx.c: In function ‘__pyx_f_7sklearn_9neighbors_8_kd_tree_12BinaryTree32__kde_single_depthfirst’:
sklearn/neighbors/_kd_tree.cpython-313-x86_64-linux-gnu.so.p/sklearn/neighbors/_kd_tree.pyx.c:55331:21: warning: assignment discards ‘const’ qualifier from pointer target type [-Wdiscarded-qualifiers]
55331 |   __pyx_v_idx_array = (&(*((__pyx_t_7sklearn_5utils_9_typedefs_intp_t const  *) ( /* dim=0 */ ((char *) (((__pyx_t_7sklearn_5utils_9_typedefs_intp_t const  *) __pyx_v_self->idx_array.data) + __pyx_t_2)) ))));
      |                     ^
sklearn/neighbors/_kd_tree.cpython-313-x86_64-linux-gnu.so.p/sklearn/neighbors/_kd_tree.pyx.c: In function ‘__pyx_f_7sklearn_9neighbors_8_kd_tree_12BinaryTree32__two_point_single’:
sklearn/neighbors/_kd_tree.cpython-313-x86_64-linux-gnu.so.p/sklearn/neighbors/_kd_tree.pyx.c:55942:21: warning: assignment discards ‘const’ qualifier from pointer target type [-Wdiscarded-qualifiers]
55942 |   __pyx_v_idx_array = (&(*((__pyx_t_7sklearn_5utils_9_typedefs_intp_t const  *) ( /* dim=0 */ ((char *) (((__pyx_t_7sklearn_5utils_9_typedefs_intp_t const  *) __pyx_v_self->idx_array.data) + __pyx_t_2)) ))));
      |                     ^
sklearn/neighbors/_kd_tree.cpython-313-x86_64-linux-gnu.so.p/sklearn/neighbors/_kd_tree.pyx.c: In function ‘__pyx_f_7sklearn_9neighbors_8_kd_tree_12BinaryTree32__two_point_dual’:
sklearn/neighbors/_kd_tree.cpython-313-x86_64-linux-gnu.so.p/sklearn/neighbors/_kd_tree.pyx.c:56345:22: warning: assignment discards ‘const’ qualifier from pointer target type [-Wdiscarded-qualifiers]
56345 |   __pyx_v_idx_array1 = (&(*((__pyx_t_7sklearn_5utils_9_typedefs_intp_t const  *) ( /* dim=0 */ ((char *) (((__pyx_t_7sklearn_5utils_9_typedefs_intp_t const  *) __pyx_v_self->idx_array.data) + __pyx_t_1)) ))));
      |                      ^
sklearn/neighbors/_kd_tree.cpython-313-x86_64-linux-gnu.so.p/sklearn/neighbors/_kd_tree.pyx.c:56355:22: warning: assignment discards ‘const’ qualifier from pointer target type [-Wdiscarded-qualifiers]
56355 |   __pyx_v_idx_array2 = (&(*((__pyx_t_7sklearn_5utils_9_typedefs_intp_t const  *) ( /* dim=0 */ ((char *) (((__pyx_t_7sklearn_5utils_9_typedefs_intp_t const  *) __pyx_v_other->idx_array.data) + __pyx_t_1)) ))));
      |                      ^
sklearn/neighbors/_kd_tree.cpython-313-x86_64-linux-gnu.so.p/sklearn/neighbors/_kd_tree.pyx.c: In function ‘__pyx_f_7sklearn_9neighbors_8_kd_tree_init_node64’:
sklearn/neighbors/_kd_tree.cpython-313-x86_64-linux-gnu.so.p/sklearn/neighbors/_kd_tree.pyx.c:58229:24: warning: assignment discards ‘const’ qualifier from pointer target type [-Wdiscarded-qualifiers]
58229 |   __pyx_v_lower_bounds = (&(*((__pyx_t_7sklearn_5utils_9_typedefs_float64_t const  *) ( /* dim=2 */ ((char *) (((__pyx_t_7sklearn_5utils_9_typedefs_float64_t const  *) ( /* dim=1 */ (( /* dim=0 */ (__pyx_v_tree->node_bounds.data + __pyx_t_1 * __pyx_v_tree->node_bounds.strides[0]) ) + __pyx_t_2 * __pyx_v_tree->node_bounds.strides[1]) )) + __pyx_t_3)) ))));
      |                        ^
sklearn/neighbors/_kd_tree.cpython-313-x86_64-linux-gnu.so.p/sklearn/neighbors/_kd_tree.pyx.c:58241:24: warning: assignment discards ‘const’ qualifier from pointer target type [-Wdiscarded-qualifiers]
58241 |   __pyx_v_upper_bounds = (&(*((__pyx_t_7sklearn_5utils_9_typedefs_float64_t const  *) ( /* dim=2 */ ((char *) (((__pyx_t_7sklearn_5utils_9_typedefs_float64_t const  *) ( /* dim=1 */ (( /* dim=0 */ (__pyx_v_tree->node_bounds.data + __pyx_t_3 * __pyx_v_tree->node_bounds.strides[0]) ) + __pyx_t_2 * __pyx_v_tree->node_bounds.strides[1]) )) + __pyx_t_1)) ))));
      |                        ^
sklearn/neighbors/_kd_tree.cpython-313-x86_64-linux-gnu.so.p/sklearn/neighbors/_kd_tree.pyx.c: In function ‘__pyx_f_7sklearn_9neighbors_8_kd_tree_init_node32’:
sklearn/neighbors/_kd_tree.cpython-313-x86_64-linux-gnu.so.p/sklearn/neighbors/_kd_tree.pyx.c:60038:24: warning: assignment discards ‘const’ qualifier from pointer target type [-Wdiscarded-qualifiers]
60038 |   __pyx_v_lower_bounds = (&(*((__pyx_t_7sklearn_5utils_9_typedefs_float32_t const  *) ( /* dim=2 */ ((char *) (((__pyx_t_7sklearn_5utils_9_typedefs_float32_t const  *) ( /* dim=1 */ (( /* dim=0 */ (__pyx_v_tree->node_bounds.data + __pyx_t_1 * __pyx_v_tree->node_bounds.strides[0]) ) + __pyx_t_2 * __pyx_v_tree->node_bounds.strides[1]) )) + __pyx_t_3)) ))));
      |                        ^
sklearn/neighbors/_kd_tree.cpython-313-x86_64-linux-gnu.so.p/sklearn/neighbors/_kd_tree.pyx.c:60050:24: warning: assignment discards ‘const’ qualifier from pointer target type [-Wdiscarded-qualifiers]
60050 |   __pyx_v_upper_bounds = (&(*((__pyx_t_7sklearn_5utils_9_typedefs_float32_t const  *) ( /* dim=2 */ ((char *) (((__pyx_t_7sklearn_5utils_9_typedefs_float32_t const  *) ( /* dim=1 */ (( /* dim=0 */ (__pyx_v_tree->node_bounds.data + __pyx_t_3 * __pyx_v_tree->node_bounds.strides[0]) ) + __pyx_t_2 * __pyx_v_tree->node_bounds.strides[1]) )) + __pyx_t_1)) ))));
      |                        ^
sklearn/neighbors/_kd_tree.cpython-313-x86_64-linux-gnu.so.p/sklearn/neighbors/_kd_tree.pyx.c: In function ‘__pyx_f_7sklearn_9neighbors_8_kd_tree_12BinaryTree64__kde_single_breadthfirst’:
sklearn/neighbors/_kd_tree.cpython-313-x86_64-linux-gnu.so.p/sklearn/neighbors/_kd_tree.pyx.c:40992:65: warning: ‘__pyx_v_sample_weight’ may be used uninitialized in this function [-Wmaybe-uninitialized]
40992 |           __pyx_t_12 = PyFloat_FromDouble((__pyx_v_sample_weight[(__pyx_v_idx_array[__pyx_v_i])])); if (unlikely(!__pyx_t_12)) __PYX_ERR(0, 2126, __pyx_L1_error)
      |                                                                 ^
sklearn/neighbors/_kd_tree.cpython-313-x86_64-linux-gnu.so.p/sklearn/neighbors/_kd_tree.pyx.c: In function ‘__pyx_f_7sklearn_9neighbors_8_kd_tree_12BinaryTree32__kde_single_breadthfirst’:
sklearn/neighbors/_kd_tree.cpython-313-x86_64-linux-gnu.so.p/sklearn/neighbors/_kd_tree.pyx.c:54814:65: warning: ‘__pyx_v_sample_weight’ may be used uninitialized in this function [-Wmaybe-uninitialized]
54814 |           __pyx_t_12 = PyFloat_FromDouble((__pyx_v_sample_weight[(__pyx_v_idx_array[__pyx_v_i])])); if (unlikely(!__pyx_t_12)) __PYX_ERR(0, 3762, __pyx_L1_error)
      |                                                                 ^
sklearn/neighbors/_kd_tree.cpython-313-x86_64-linux-gnu.so.p/sklearn/neighbors/_kd_tree.pyx.c: In function ‘__pyx_f_7sklearn_9neighbors_8_kd_tree_12BinaryTree64__kde_single_depthfirst’:
sklearn/neighbors/_kd_tree.cpython-313-x86_64-linux-gnu.so.p/sklearn/neighbors/_kd_tree.pyx.c:41725:62: warning: ‘__pyx_v_sample_weight’ may be used uninitialized in this function [-Wmaybe-uninitialized]
41725 |         __pyx_t_9 = PyFloat_FromDouble((__pyx_v_sample_weight[(__pyx_v_idx_array[__pyx_v_i])])); if (unlikely(!__pyx_t_9)) __PYX_ERR(0, 2268, __pyx_L1_error)
      |                                                              ^
sklearn/neighbors/_kd_tree.cpython-313-x86_64-linux-gnu.so.p/sklearn/neighbors/_kd_tree.pyx.c: In function ‘__pyx_f_7sklearn_9neighbors_8_kd_tree_12BinaryTree32__kde_single_depthfirst’:
sklearn/neighbors/_kd_tree.cpython-313-x86_64-linux-gnu.so.p/sklearn/neighbors/_kd_tree.pyx.c:55547:62: warning: ‘__pyx_v_sample_weight’ may be used uninitialized in this function [-Wmaybe-uninitialized]
55547 |         __pyx_t_9 = PyFloat_FromDouble((__pyx_v_sample_weight[(__pyx_v_idx_array[__pyx_v_i])])); if (unlikely(!__pyx_t_9)) __PYX_ERR(0, 3904, __pyx_L1_error)
      |                                                              ^
[137/139] Linking target sklearn/neighbors/_kd_tree.cpython-313-x86_64-linux-gnu.so
[138/139] Compiling C object sklearn/_loss/_loss.cpython-313-x86_64-linux-gnu.so.p/meson-generated_sklearn__loss__loss.pyx.c.o
[139/139] Linking target sklearn/_loss/_loss.cpython-313-x86_64-linux-gnu.so
