MODULE: Removing module /shared/modulefiles/miniconda3
MODULE: Adding module /shared/modulefiles/miniconda3
DeprecationWarning: 'source deactivate' is deprecated. Use 'conda deactivate'.
Traceback (most recent call last):
  File "/scratch/kurs_2024_sose_hpc/kurs_2024_sose_hpc_11/scikit-learn/src/timing.py", line 192, in <module>
    main()
    ~~~~^^
  File "/scratch/kurs_2024_sose_hpc/kurs_2024_sose_hpc_11/scikit-learn/src/timing.py", line 124, in main
    kmeans = KMeans(n_clusters = N_CLUSTER,
            init = KMEANS_INIT,
    ...<5 lines>...
            use_assign_centroids_gemm = cmd_args.assign_centroids_gemm,
            chunk_size = chunk_size)
TypeError: KMeans.__init__() got an unexpected keyword argument 'chunk_size'
Traceback (most recent call last):
  File "/scratch/kurs_2024_sose_hpc/kurs_2024_sose_hpc_11/scikit-learn/src/timing.py", line 192, in <module>
    main()
    ~~~~^^
  File "/scratch/kurs_2024_sose_hpc/kurs_2024_sose_hpc_11/scikit-learn/src/timing.py", line 124, in main
    kmeans = KMeans(n_clusters = N_CLUSTER,
            init = KMEANS_INIT,
    ...<5 lines>...
            use_assign_centroids_gemm = cmd_args.assign_centroids_gemm,
            chunk_size = chunk_size)
TypeError: KMeans.__init__() got an unexpected keyword argument 'chunk_size'
Traceback (most recent call last):
  File "/scratch/kurs_2024_sose_hpc/kurs_2024_sose_hpc_11/scikit-learn/src/timing.py", line 192, in <module>
    main()
    ~~~~^^
  File "/scratch/kurs_2024_sose_hpc/kurs_2024_sose_hpc_11/scikit-learn/src/timing.py", line 124, in main
    kmeans = KMeans(n_clusters = N_CLUSTER,
            init = KMEANS_INIT,
    ...<5 lines>...
            use_assign_centroids_gemm = cmd_args.assign_centroids_gemm,
            chunk_size = chunk_size)
TypeError: KMeans.__init__() got an unexpected keyword argument 'chunk_size'
Traceback (most recent call last):
  File "/scratch/kurs_2024_sose_hpc/kurs_2024_sose_hpc_11/scikit-learn/src/timing.py", line 192, in <module>
    main()
    ~~~~^^
  File "/scratch/kurs_2024_sose_hpc/kurs_2024_sose_hpc_11/scikit-learn/src/timing.py", line 124, in main
    kmeans = KMeans(n_clusters = N_CLUSTER,
            init = KMEANS_INIT,
    ...<5 lines>...
            use_assign_centroids_gemm = cmd_args.assign_centroids_gemm,
            chunk_size = chunk_size)
TypeError: KMeans.__init__() got an unexpected keyword argument 'chunk_size'
Traceback (most recent call last):
  File "/scratch/kurs_2024_sose_hpc/kurs_2024_sose_hpc_11/scikit-learn/src/timing.py", line 192, in <module>
    main()
    ~~~~^^
  File "/scratch/kurs_2024_sose_hpc/kurs_2024_sose_hpc_11/scikit-learn/src/timing.py", line 124, in main
    kmeans = KMeans(n_clusters = N_CLUSTER,
            init = KMEANS_INIT,
    ...<5 lines>...
            use_assign_centroids_gemm = cmd_args.assign_centroids_gemm,
            chunk_size = chunk_size)
TypeError: KMeans.__init__() got an unexpected keyword argument 'chunk_size'
Traceback (most recent call last):
  File "/scratch/kurs_2024_sose_hpc/kurs_2024_sose_hpc_11/scikit-learn/src/timing.py", line 192, in <module>
    main()
    ~~~~^^
  File "/scratch/kurs_2024_sose_hpc/kurs_2024_sose_hpc_11/scikit-learn/src/timing.py", line 124, in main
    kmeans = KMeans(n_clusters = N_CLUSTER,
            init = KMEANS_INIT,
    ...<5 lines>...
            use_assign_centroids_gemm = cmd_args.assign_centroids_gemm,
            chunk_size = chunk_size)
TypeError: KMeans.__init__() got an unexpected keyword argument 'chunk_size'
Traceback (most recent call last):
  File "/scratch/kurs_2024_sose_hpc/kurs_2024_sose_hpc_11/scikit-learn/src/timing.py", line 192, in <module>
    main()
    ~~~~^^
  File "/scratch/kurs_2024_sose_hpc/kurs_2024_sose_hpc_11/scikit-learn/src/timing.py", line 124, in main
    kmeans = KMeans(n_clusters = N_CLUSTER,
            init = KMEANS_INIT,
    ...<5 lines>...
            use_assign_centroids_gemm = cmd_args.assign_centroids_gemm,
            chunk_size = chunk_size)
TypeError: KMeans.__init__() got an unexpected keyword argument 'chunk_size'
Traceback (most recent call last):
  File "/scratch/kurs_2024_sose_hpc/kurs_2024_sose_hpc_11/scikit-learn/src/timing.py", line 192, in <module>
    main()
    ~~~~^^
  File "/scratch/kurs_2024_sose_hpc/kurs_2024_sose_hpc_11/scikit-learn/src/timing.py", line 124, in main
    kmeans = KMeans(n_clusters = N_CLUSTER,
            init = KMEANS_INIT,
    ...<5 lines>...
            use_assign_centroids_gemm = cmd_args.assign_centroids_gemm,
            chunk_size = chunk_size)
TypeError: KMeans.__init__() got an unexpected keyword argument 'chunk_size'
Traceback (most recent call last):
  File "/scratch/kurs_2024_sose_hpc/kurs_2024_sose_hpc_11/scikit-learn/src/timing.py", line 192, in <module>
    main()
    ~~~~^^
  File "/scratch/kurs_2024_sose_hpc/kurs_2024_sose_hpc_11/scikit-learn/src/timing.py", line 124, in main
    kmeans = KMeans(n_clusters = N_CLUSTER,
            init = KMEANS_INIT,
    ...<5 lines>...
            use_assign_centroids_gemm = cmd_args.assign_centroids_gemm,
            chunk_size = chunk_size)
TypeError: KMeans.__init__() got an unexpected keyword argument 'chunk_size'
Traceback (most recent call last):
  File "/scratch/kurs_2024_sose_hpc/kurs_2024_sose_hpc_11/scikit-learn/src/timing.py", line 192, in <module>
    main()
    ~~~~^^
  File "/scratch/kurs_2024_sose_hpc/kurs_2024_sose_hpc_11/scikit-learn/src/timing.py", line 124, in main
    kmeans = KMeans(n_clusters = N_CLUSTER,
            init = KMEANS_INIT,
    ...<5 lines>...
            use_assign_centroids_gemm = cmd_args.assign_centroids_gemm,
            chunk_size = chunk_size)
TypeError: KMeans.__init__() got an unexpected keyword argument 'chunk_size'
Traceback (most recent call last):
  File "/scratch/kurs_2024_sose_hpc/kurs_2024_sose_hpc_11/scikit-learn/src/timing.py", line 192, in <module>
    main()
    ~~~~^^
  File "/scratch/kurs_2024_sose_hpc/kurs_2024_sose_hpc_11/scikit-learn/src/timing.py", line 124, in main
    kmeans = KMeans(n_clusters = N_CLUSTER,
            init = KMEANS_INIT,
    ...<5 lines>...
            use_assign_centroids_gemm = cmd_args.assign_centroids_gemm,
            chunk_size = chunk_size)
TypeError: KMeans.__init__() got an unexpected keyword argument 'chunk_size'
Traceback (most recent call last):
  File "/scratch/kurs_2024_sose_hpc/kurs_2024_sose_hpc_11/scikit-learn/src/timing.py", line 192, in <module>
    main()
    ~~~~^^
  File "/scratch/kurs_2024_sose_hpc/kurs_2024_sose_hpc_11/scikit-learn/src/timing.py", line 124, in main
    kmeans = KMeans(n_clusters = N_CLUSTER,
            init = KMEANS_INIT,
    ...<5 lines>...
            use_assign_centroids_gemm = cmd_args.assign_centroids_gemm,
            chunk_size = chunk_size)
TypeError: KMeans.__init__() got an unexpected keyword argument 'chunk_size'
Traceback (most recent call last):
  File "/scratch/kurs_2024_sose_hpc/kurs_2024_sose_hpc_11/scikit-learn/src/timing.py", line 192, in <module>
    main()
    ~~~~^^
  File "/scratch/kurs_2024_sose_hpc/kurs_2024_sose_hpc_11/scikit-learn/src/timing.py", line 124, in main
    kmeans = KMeans(n_clusters = N_CLUSTER,
            init = KMEANS_INIT,
    ...<5 lines>...
            use_assign_centroids_gemm = cmd_args.assign_centroids_gemm,
            chunk_size = chunk_size)
TypeError: KMeans.__init__() got an unexpected keyword argument 'chunk_size'
Traceback (most recent call last):
  File "/scratch/kurs_2024_sose_hpc/kurs_2024_sose_hpc_11/scikit-learn/src/timing.py", line 192, in <module>
    main()
    ~~~~^^
  File "/scratch/kurs_2024_sose_hpc/kurs_2024_sose_hpc_11/scikit-learn/src/timing.py", line 124, in main
    kmeans = KMeans(n_clusters = N_CLUSTER,
            init = KMEANS_INIT,
    ...<5 lines>...
            use_assign_centroids_gemm = cmd_args.assign_centroids_gemm,
            chunk_size = chunk_size)
TypeError: KMeans.__init__() got an unexpected keyword argument 'chunk_size'
Traceback (most recent call last):
  File "/scratch/kurs_2024_sose_hpc/kurs_2024_sose_hpc_11/scikit-learn/src/timing.py", line 192, in <module>
    main()
    ~~~~^^
  File "/scratch/kurs_2024_sose_hpc/kurs_2024_sose_hpc_11/scikit-learn/src/timing.py", line 124, in main
    kmeans = KMeans(n_clusters = N_CLUSTER,
            init = KMEANS_INIT,
    ...<5 lines>...
            use_assign_centroids_gemm = cmd_args.assign_centroids_gemm,
            chunk_size = chunk_size)
TypeError: KMeans.__init__() got an unexpected keyword argument 'chunk_size'
Traceback (most recent call last):
  File "/scratch/kurs_2024_sose_hpc/kurs_2024_sose_hpc_11/scikit-learn/src/timing.py", line 192, in <module>
    main()
    ~~~~^^
  File "/scratch/kurs_2024_sose_hpc/kurs_2024_sose_hpc_11/scikit-learn/src/timing.py", line 124, in main
    kmeans = KMeans(n_clusters = N_CLUSTER,
            init = KMEANS_INIT,
    ...<5 lines>...
            use_assign_centroids_gemm = cmd_args.assign_centroids_gemm,
            chunk_size = chunk_size)
TypeError: KMeans.__init__() got an unexpected keyword argument 'chunk_size'
Traceback (most recent call last):
  File "/scratch/kurs_2024_sose_hpc/kurs_2024_sose_hpc_11/scikit-learn/src/timing.py", line 192, in <module>
    main()
    ~~~~^^
  File "/scratch/kurs_2024_sose_hpc/kurs_2024_sose_hpc_11/scikit-learn/src/timing.py", line 124, in main
    kmeans = KMeans(n_clusters = N_CLUSTER,
            init = KMEANS_INIT,
    ...<5 lines>...
            use_assign_centroids_gemm = cmd_args.assign_centroids_gemm,
            chunk_size = chunk_size)
TypeError: KMeans.__init__() got an unexpected keyword argument 'chunk_size'
Traceback (most recent call last):
  File "/scratch/kurs_2024_sose_hpc/kurs_2024_sose_hpc_11/scikit-learn/src/timing.py", line 192, in <module>
    main()
    ~~~~^^
  File "/scratch/kurs_2024_sose_hpc/kurs_2024_sose_hpc_11/scikit-learn/src/timing.py", line 124, in main
    kmeans = KMeans(n_clusters = N_CLUSTER,
            init = KMEANS_INIT,
    ...<5 lines>...
            use_assign_centroids_gemm = cmd_args.assign_centroids_gemm,
            chunk_size = chunk_size)
TypeError: KMeans.__init__() got an unexpected keyword argument 'chunk_size'
Traceback (most recent call last):
  File "/scratch/kurs_2024_sose_hpc/kurs_2024_sose_hpc_11/scikit-learn/src/timing.py", line 192, in <module>
    main()
    ~~~~^^
  File "/scratch/kurs_2024_sose_hpc/kurs_2024_sose_hpc_11/scikit-learn/src/timing.py", line 124, in main
    kmeans = KMeans(n_clusters = N_CLUSTER,
            init = KMEANS_INIT,
    ...<5 lines>...
            use_assign_centroids_gemm = cmd_args.assign_centroids_gemm,
            chunk_size = chunk_size)
TypeError: KMeans.__init__() got an unexpected keyword argument 'chunk_size'
Traceback (most recent call last):
  File "/scratch/kurs_2024_sose_hpc/kurs_2024_sose_hpc_11/scikit-learn/src/timing.py", line 192, in <module>
    main()
    ~~~~^^
  File "/scratch/kurs_2024_sose_hpc/kurs_2024_sose_hpc_11/scikit-learn/src/timing.py", line 124, in main
    kmeans = KMeans(n_clusters = N_CLUSTER,
            init = KMEANS_INIT,
    ...<5 lines>...
            use_assign_centroids_gemm = cmd_args.assign_centroids_gemm,
            chunk_size = chunk_size)
TypeError: KMeans.__init__() got an unexpected keyword argument 'chunk_size'
Traceback (most recent call last):
  File "/scratch/kurs_2024_sose_hpc/kurs_2024_sose_hpc_11/scikit-learn/src/timing.py", line 192, in <module>
    main()
    ~~~~^^
  File "/scratch/kurs_2024_sose_hpc/kurs_2024_sose_hpc_11/scikit-learn/src/timing.py", line 124, in main
    kmeans = KMeans(n_clusters = N_CLUSTER,
            init = KMEANS_INIT,
    ...<5 lines>...
            use_assign_centroids_gemm = cmd_args.assign_centroids_gemm,
            chunk_size = chunk_size)
TypeError: KMeans.__init__() got an unexpected keyword argument 'chunk_size'
Traceback (most recent call last):
  File "/scratch/kurs_2024_sose_hpc/kurs_2024_sose_hpc_11/scikit-learn/src/timing.py", line 192, in <module>
    main()
    ~~~~^^
  File "/scratch/kurs_2024_sose_hpc/kurs_2024_sose_hpc_11/scikit-learn/src/timing.py", line 124, in main
    kmeans = KMeans(n_clusters = N_CLUSTER,
            init = KMEANS_INIT,
    ...<5 lines>...
            use_assign_centroids_gemm = cmd_args.assign_centroids_gemm,
            chunk_size = chunk_size)
TypeError: KMeans.__init__() got an unexpected keyword argument 'chunk_size'
Traceback (most recent call last):
  File "/scratch/kurs_2024_sose_hpc/kurs_2024_sose_hpc_11/scikit-learn/src/timing.py", line 192, in <module>
    main()
    ~~~~^^
  File "/scratch/kurs_2024_sose_hpc/kurs_2024_sose_hpc_11/scikit-learn/src/timing.py", line 124, in main
    kmeans = KMeans(n_clusters = N_CLUSTER,
            init = KMEANS_INIT,
    ...<5 lines>...
            use_assign_centroids_gemm = cmd_args.assign_centroids_gemm,
            chunk_size = chunk_size)
TypeError: KMeans.__init__() got an unexpected keyword argument 'chunk_size'
Traceback (most recent call last):
  File "/scratch/kurs_2024_sose_hpc/kurs_2024_sose_hpc_11/scikit-learn/src/timing.py", line 192, in <module>
    main()
    ~~~~^^
  File "/scratch/kurs_2024_sose_hpc/kurs_2024_sose_hpc_11/scikit-learn/src/timing.py", line 124, in main
    kmeans = KMeans(n_clusters = N_CLUSTER,
            init = KMEANS_INIT,
    ...<5 lines>...
            use_assign_centroids_gemm = cmd_args.assign_centroids_gemm,
            chunk_size = chunk_size)
TypeError: KMeans.__init__() got an unexpected keyword argument 'chunk_size'
